<?xml version="1.0" encoding="UTF-8"?>
<testsuite xmlns:xsi="http://www.w3.org/2001/XMLSchema-instance" xsi:noNamespaceSchemaLocation="https://maven.apache.org/surefire/maven-surefire-plugin/xsd/surefire-test-report-3.0.xsd" version="3.0" name="org.example.HunterMovingTest" time="0.113" tests="2" errors="0" skipped="0" failures="0">
  <properties>
[...]
</properties>
  <testcase name="hunterShouldToMoveInCorrectDirection" classname="org.example.HunterMovingTest" time="0.06"/>
  <testcase name="shouldReturnIllegalArgumentExceptionWhenDirectionIsWrong" classname="org.example.HunterMovingTest" time="0.007"/>
</testsuite>